{"/mnt/c/dev/loan-schedule.js/test.js":{"path":"/mnt/c/dev/loan-schedule.js/test.js","s":{"1":1,"2":1,"3":0,"4":0,"5":0,"6":0,"7":0,"8":0,"9":0,"10":0,"11":0,"12":0,"13":0,"14":0,"15":0,"16":0,"17":0,"18":0,"19":0,"20":0,"21":0,"22":0,"23":0,"24":0,"25":0,"26":0,"27":0,"28":0,"29":0,"30":0,"31":0,"32":0,"33":0,"34":0,"35":0,"36":0,"37":1,"38":0,"39":0,"40":0,"41":0},"b":{},"f":{"1":0,"2":0,"3":0,"4":0,"5":0,"6":0,"7":0,"8":0,"9":0,"10":0,"11":0,"12":0,"13":0},"fnMap":{"1":{"name":"(anonymous_1)","line":5,"loc":{"start":{"line":5,"column":11},"end":{"line":5,"column":31}}},"2":{"name":"(anonymous_2)","line":10,"loc":{"start":{"line":10,"column":39},"end":{"line":10,"column":55}}},"3":{"name":"(anonymous_3)","line":19,"loc":{"start":{"line":19,"column":32},"end":{"line":19,"column":48}}},"4":{"name":"(anonymous_4)","line":28,"loc":{"start":{"line":28,"column":36},"end":{"line":28,"column":52}}},"5":{"name":"(anonymous_5)","line":38,"loc":{"start":{"line":38,"column":36},"end":{"line":38,"column":52}}},"6":{"name":"(anonymous_6)","line":48,"loc":{"start":{"line":48,"column":34},"end":{"line":48,"column":50}}},"7":{"name":"(anonymous_7)","line":61,"loc":{"start":{"line":61,"column":45},"end":{"line":61,"column":61}}},"8":{"name":"(anonymous_8)","line":78,"loc":{"start":{"line":78,"column":40},"end":{"line":78,"column":56}}},"9":{"name":"(anonymous_9)","line":98,"loc":{"start":{"line":98,"column":49},"end":{"line":98,"column":65}}},"10":{"name":"(anonymous_10)","line":119,"loc":{"start":{"line":119,"column":35},"end":{"line":119,"column":51}}},"11":{"name":"(anonymous_11)","line":137,"loc":{"start":{"line":137,"column":41},"end":{"line":137,"column":57}}},"12":{"name":"(anonymous_12)","line":149,"loc":{"start":{"line":149,"column":33},"end":{"line":149,"column":49}}},"13":{"name":"printSchedule","line":164,"loc":{"start":{"line":164,"column":0},"end":{"line":164,"column":33}}}},"statementMap":{"1":{"start":{"line":2,"column":0},"end":{"line":2,"column":41}},"2":{"start":{"line":4,"column":0},"end":{"line":161,"column":2}},"3":{"start":{"line":6,"column":8},"end":{"line":6,"column":47}},"4":{"start":{"line":7,"column":8},"end":{"line":7,"column":19}},"5":{"start":{"line":11,"column":8},"end":{"line":15,"column":23}},"6":{"start":{"line":16,"column":8},"end":{"line":16,"column":20}},"7":{"start":{"line":20,"column":8},"end":{"line":24,"column":25}},"8":{"start":{"line":25,"column":8},"end":{"line":25,"column":20}},"9":{"start":{"line":29,"column":8},"end":{"line":34,"column":21}},"10":{"start":{"line":35,"column":8},"end":{"line":35,"column":20}},"11":{"start":{"line":39,"column":8},"end":{"line":44,"column":21}},"12":{"start":{"line":45,"column":8},"end":{"line":45,"column":20}},"13":{"start":{"line":49,"column":8},"end":{"line":56,"column":11}},"14":{"start":{"line":57,"column":8},"end":{"line":57,"column":57}},"15":{"start":{"line":58,"column":8},"end":{"line":58,"column":20}},"16":{"start":{"line":62,"column":8},"end":{"line":64,"column":11}},"17":{"start":{"line":65,"column":8},"end":{"line":72,"column":11}},"18":{"start":{"line":74,"column":8},"end":{"line":74,"column":57}},"19":{"start":{"line":75,"column":8},"end":{"line":75,"column":20}},"20":{"start":{"line":79,"column":8},"end":{"line":93,"column":11}},"21":{"start":{"line":94,"column":8},"end":{"line":94,"column":57}},"22":{"start":{"line":95,"column":8},"end":{"line":95,"column":20}},"23":{"start":{"line":99,"column":8},"end":{"line":113,"column":11}},"24":{"start":{"line":114,"column":8},"end":{"line":114,"column":57}},"25":{"start":{"line":115,"column":8},"end":{"line":115,"column":20}},"26":{"start":{"line":120,"column":8},"end":{"line":128,"column":11}},"27":{"start":{"line":129,"column":8},"end":{"line":129,"column":57}},"28":{"start":{"line":130,"column":8},"end":{"line":130,"column":68}},"29":{"start":{"line":131,"column":8},"end":{"line":131,"column":75}},"30":{"start":{"line":132,"column":8},"end":{"line":132,"column":68}},"31":{"start":{"line":133,"column":8},"end":{"line":133,"column":75}},"32":{"start":{"line":134,"column":8},"end":{"line":134,"column":20}},"33":{"start":{"line":138,"column":8},"end":{"line":145,"column":39}},"34":{"start":{"line":146,"column":8},"end":{"line":146,"column":20}},"35":{"start":{"line":151,"column":8},"end":{"line":158,"column":39}},"36":{"start":{"line":159,"column":8},"end":{"line":159,"column":20}},"37":{"start":{"line":164,"column":0},"end":{"line":176,"column":1}},"38":{"start":{"line":165,"column":4},"end":{"line":165,"column":125}},"39":{"start":{"line":166,"column":4},"end":{"line":166,"column":114}},"40":{"start":{"line":167,"column":4},"end":{"line":175,"column":11}},"41":{"start":{"line":168,"column":8},"end":{"line":175,"column":9}}},"branchMap":{}},"/mnt/c/dev/loan-schedule.js/index.js":{"path":"/mnt/c/dev/loan-schedule.js/index.js","s":{"1":1,"2":1,"3":1,"4":1,"5":1,"6":1,"7":0,"8":0,"9":0,"10":0,"11":0,"12":0,"13":0,"14":0,"15":1,"16":0,"17":0,"18":0,"19":0,"20":0,"21":0,"22":0,"23":0,"24":0,"25":0,"26":0,"27":0,"28":0,"29":0,"30":0,"31":0,"32":0,"33":0,"34":0,"35":0,"36":0,"37":0,"38":0,"39":1,"40":0,"41":0,"42":0,"43":0,"44":0,"45":0,"46":0,"47":0,"48":0,"49":0,"50":0,"51":0,"52":0,"53":0,"54":0,"55":0,"56":0,"57":0,"58":0,"59":0,"60":0,"61":0,"62":0,"63":0,"64":0,"65":0,"66":0,"67":0,"68":0,"69":0,"70":0,"71":0,"72":0,"73":0,"74":0,"75":0,"76":0,"77":0,"78":0,"79":1,"80":0,"81":0,"82":0,"83":0,"84":0,"85":0,"86":0,"87":0,"88":0,"89":0,"90":0,"91":0,"92":0,"93":0,"94":0,"95":0,"96":0,"97":0,"98":0,"99":0,"100":1,"101":0,"102":0,"103":0,"104":0,"105":0,"106":0,"107":0,"108":0,"109":0,"110":0,"111":0,"112":0,"113":0,"114":0,"115":0,"116":0,"117":0,"118":0,"119":0,"120":1,"121":0,"122":0,"123":0,"124":0,"125":0,"126":1,"127":0,"128":0,"129":0,"130":0,"131":1,"132":0,"133":0,"134":0,"135":0,"136":0,"137":0,"138":0,"139":0,"140":0,"141":1,"142":0,"143":1,"144":1,"145":1,"146":1,"147":1,"148":1,"149":1,"150":0,"151":1,"152":0,"153":1,"154":0,"155":0,"156":0,"157":0},"b":{"1":[0,0],"2":[0,0],"3":[0,0],"4":[0,0],"5":[0,0],"6":[0,0],"7":[0,0],"8":[0,0],"9":[0,0],"10":[0,0],"11":[0,0],"12":[0,0],"13":[0,0],"14":[0,0],"15":[0,0],"16":[0,0],"17":[0,0],"18":[0,0],"19":[0,0],"20":[0,0],"21":[0,0],"22":[0,0]},"f":{"1":0,"2":0,"3":0,"4":0,"5":0,"6":0,"7":0,"8":0,"9":0,"10":0,"11":0,"12":0},"fnMap":{"1":{"name":"LoanSchedule","line":10,"loc":{"start":{"line":10,"column":0},"end":{"line":10,"column":31}}},"2":{"name":"(anonymous_2)","line":23,"loc":{"start":{"line":23,"column":43},"end":{"line":23,"column":56}}},"3":{"name":"(anonymous_3)","line":57,"loc":{"start":{"line":57,"column":50},"end":{"line":57,"column":63}}},"4":{"name":"(anonymous_4)","line":132,"loc":{"start":{"line":132,"column":57},"end":{"line":132,"column":70}}},"5":{"name":"(anonymous_5)","line":167,"loc":{"start":{"line":167,"column":49},"end":{"line":167,"column":62}}},"6":{"name":"(anonymous_6)","line":201,"loc":{"start":{"line":201,"column":48},"end":{"line":201,"column":61}}},"7":{"name":"(anonymous_7)","line":209,"loc":{"start":{"line":209,"column":55},"end":{"line":209,"column":68}}},"8":{"name":"(anonymous_8)","line":216,"loc":{"start":{"line":216,"column":51},"end":{"line":216,"column":64}}},"9":{"name":"(anonymous_9)","line":230,"loc":{"start":{"line":230,"column":43},"end":{"line":230,"column":73}}},"10":{"name":"getInterestByPeriod","line":250,"loc":{"start":{"line":250,"column":0},"end":{"line":250,"column":32}}},"11":{"name":"(anonymous_11)","line":254,"loc":{"start":{"line":254,"column":35},"end":{"line":254,"column":51}}},"12":{"name":"(anonymous_12)","line":258,"loc":{"start":{"line":258,"column":42},"end":{"line":258,"column":93}}}},"statementMap":{"1":{"start":{"line":2,"column":0},"end":{"line":2,"column":38}},"2":{"start":{"line":3,"column":0},"end":{"line":3,"column":33}},"3":{"start":{"line":4,"column":0},"end":{"line":4,"column":36}},"4":{"start":{"line":6,"column":0},"end":{"line":6,"column":30}},"5":{"start":{"line":8,"column":0},"end":{"line":8,"column":21}},"6":{"start":{"line":10,"column":0},"end":{"line":21,"column":1}},"7":{"start":{"line":11,"column":4},"end":{"line":11,"column":16}},"8":{"start":{"line":12,"column":4},"end":{"line":12,"column":21}},"9":{"start":{"line":13,"column":4},"end":{"line":13,"column":35}},"10":{"start":{"line":14,"column":4},"end":{"line":14,"column":34}},"11":{"start":{"line":16,"column":4},"end":{"line":20,"column":5}},"12":{"start":{"line":17,"column":8},"end":{"line":17,"column":60}},"13":{"start":{"line":18,"column":8},"end":{"line":18,"column":64}},"14":{"start":{"line":19,"column":8},"end":{"line":19,"column":83}},"15":{"start":{"line":23,"column":0},"end":{"line":55,"column":2}},"16":{"start":{"line":24,"column":4},"end":{"line":24,"column":22}},"17":{"start":{"line":25,"column":4},"end":{"line":27,"column":5}},"18":{"start":{"line":26,"column":8},"end":{"line":26,"column":61}},"19":{"start":{"line":28,"column":4},"end":{"line":30,"column":5}},"20":{"start":{"line":29,"column":8},"end":{"line":29,"column":68}},"21":{"start":{"line":31,"column":4},"end":{"line":33,"column":5}},"22":{"start":{"line":32,"column":8},"end":{"line":32,"column":60}},"23":{"start":{"line":35,"column":4},"end":{"line":35,"column":56}},"24":{"start":{"line":36,"column":4},"end":{"line":36,"column":58}},"25":{"start":{"line":37,"column":4},"end":{"line":37,"column":72}},"26":{"start":{"line":38,"column":4},"end":{"line":38,"column":93}},"27":{"start":{"line":39,"column":4},"end":{"line":39,"column":93}},"28":{"start":{"line":41,"column":4},"end":{"line":41,"column":86}},"29":{"start":{"line":42,"column":4},"end":{"line":42,"column":99}},"30":{"start":{"line":43,"column":4},"end":{"line":43,"column":84}},"31":{"start":{"line":45,"column":4},"end":{"line":45,"column":66}},"32":{"start":{"line":46,"column":4},"end":{"line":46,"column":46}},"33":{"start":{"line":47,"column":4},"end":{"line":50,"column":7}},"34":{"start":{"line":48,"column":8},"end":{"line":48,"column":93}},"35":{"start":{"line":49,"column":8},"end":{"line":49,"column":73}},"36":{"start":{"line":52,"column":4},"end":{"line":52,"column":119}},"37":{"start":{"line":53,"column":4},"end":{"line":53,"column":107}},"38":{"start":{"line":54,"column":4},"end":{"line":54,"column":20}},"39":{"start":{"line":57,"column":0},"end":{"line":130,"column":2}},"40":{"start":{"line":58,"column":4},"end":{"line":58,"column":52}},"41":{"start":{"line":59,"column":4},"end":{"line":59,"column":35}},"42":{"start":{"line":60,"column":4},"end":{"line":60,"column":39}},"43":{"start":{"line":61,"column":4},"end":{"line":61,"column":35}},"44":{"start":{"line":62,"column":4},"end":{"line":62,"column":47}},"45":{"start":{"line":63,"column":4},"end":{"line":63,"column":146}},"46":{"start":{"line":65,"column":4},"end":{"line":65,"column":64}},"47":{"start":{"line":67,"column":4},"end":{"line":77,"column":10}},"48":{"start":{"line":68,"column":8},"end":{"line":72,"column":9}},"49":{"start":{"line":74,"column":18},"end":{"line":74,"column":138}},"50":{"start":{"line":76,"column":12},"end":{"line":76,"column":96}},"51":{"start":{"line":80,"column":4},"end":{"line":80,"column":14}},"52":{"start":{"line":81,"column":4},"end":{"line":125,"column":5}},"53":{"start":{"line":82,"column":8},"end":{"line":82,"column":21}},"54":{"start":{"line":84,"column":8},"end":{"line":84,"column":80}},"55":{"start":{"line":85,"column":8},"end":{"line":85,"column":58}},"56":{"start":{"line":86,"column":8},"end":{"line":86,"column":54}},"57":{"start":{"line":87,"column":8},"end":{"line":87,"column":155}},"58":{"start":{"line":88,"column":8},"end":{"line":88,"column":60}},"59":{"start":{"line":90,"column":8},"end":{"line":97,"column":10}},"60":{"start":{"line":99,"column":8},"end":{"line":119,"column":9}},"61":{"start":{"line":100,"column":12},"end":{"line":114,"column":13}},"62":{"start":{"line":101,"column":16},"end":{"line":107,"column":17}},"63":{"start":{"line":102,"column":20},"end":{"line":102,"column":77}},"64":{"start":{"line":103,"column":20},"end":{"line":103,"column":87}},"65":{"start":{"line":105,"column":20},"end":{"line":105,"column":85}},"66":{"start":{"line":106,"column":20},"end":{"line":106,"column":55}},"67":{"start":{"line":108,"column":16},"end":{"line":108,"column":113}},"68":{"start":{"line":109,"column":16},"end":{"line":109,"column":72}},"69":{"start":{"line":111,"column":16},"end":{"line":111,"column":81}},"70":{"start":{"line":112,"column":16},"end":{"line":112,"column":57}},"71":{"start":{"line":113,"column":16},"end":{"line":113,"column":129}},"72":{"start":{"line":116,"column":12},"end":{"line":116,"column":70}},"73":{"start":{"line":117,"column":12},"end":{"line":117,"column":68}},"74":{"start":{"line":118,"column":12},"end":{"line":118,"column":70}},"75":{"start":{"line":121,"column":8},"end":{"line":121,"column":99}},"76":{"start":{"line":123,"column":8},"end":{"line":123,"column":27}},"77":{"start":{"line":124,"column":8},"end":{"line":124,"column":12}},"78":{"start":{"line":128,"column":4},"end":{"line":128,"column":20}},"79":{"start":{"line":132,"column":0},"end":{"line":165,"column":2}},"80":{"start":{"line":133,"column":4},"end":{"line":133,"column":52}},"81":{"start":{"line":134,"column":4},"end":{"line":134,"column":35}},"82":{"start":{"line":135,"column":4},"end":{"line":135,"column":39}},"83":{"start":{"line":136,"column":4},"end":{"line":136,"column":35}},"84":{"start":{"line":137,"column":4},"end":{"line":137,"column":43}},"85":{"start":{"line":139,"column":4},"end":{"line":139,"column":64}},"86":{"start":{"line":140,"column":4},"end":{"line":140,"column":14}},"87":{"start":{"line":141,"column":4},"end":{"line":162,"column":5}},"88":{"start":{"line":142,"column":8},"end":{"line":142,"column":21}},"89":{"start":{"line":144,"column":8},"end":{"line":144,"column":58}},"90":{"start":{"line":145,"column":8},"end":{"line":145,"column":55}},"91":{"start":{"line":146,"column":8},"end":{"line":146,"column":58}},"92":{"start":{"line":147,"column":8},"end":{"line":147,"column":54}},"93":{"start":{"line":148,"column":8},"end":{"line":148,"column":113}},"94":{"start":{"line":149,"column":8},"end":{"line":156,"column":32}},"95":{"start":{"line":157,"column":8},"end":{"line":157,"column":121}},"96":{"start":{"line":158,"column":8},"end":{"line":158,"column":121}},"97":{"start":{"line":160,"column":8},"end":{"line":160,"column":27}},"98":{"start":{"line":161,"column":8},"end":{"line":161,"column":12}},"99":{"start":{"line":163,"column":4},"end":{"line":163,"column":20}},"100":{"start":{"line":167,"column":0},"end":{"line":199,"column":2}},"101":{"start":{"line":168,"column":4},"end":{"line":168,"column":52}},"102":{"start":{"line":169,"column":4},"end":{"line":169,"column":35}},"103":{"start":{"line":170,"column":4},"end":{"line":170,"column":39}},"104":{"start":{"line":171,"column":4},"end":{"line":171,"column":35}},"105":{"start":{"line":173,"column":4},"end":{"line":173,"column":64}},"106":{"start":{"line":174,"column":4},"end":{"line":174,"column":14}},"107":{"start":{"line":175,"column":4},"end":{"line":196,"column":5}},"108":{"start":{"line":176,"column":8},"end":{"line":176,"column":21}},"109":{"start":{"line":178,"column":8},"end":{"line":178,"column":58}},"110":{"start":{"line":179,"column":8},"end":{"line":179,"column":55}},"111":{"start":{"line":180,"column":8},"end":{"line":180,"column":58}},"112":{"start":{"line":181,"column":8},"end":{"line":181,"column":54}},"113":{"start":{"line":182,"column":8},"end":{"line":182,"column":112}},"114":{"start":{"line":183,"column":8},"end":{"line":190,"column":32}},"115":{"start":{"line":191,"column":8},"end":{"line":191,"column":121}},"116":{"start":{"line":192,"column":8},"end":{"line":192,"column":121}},"117":{"start":{"line":194,"column":8},"end":{"line":194,"column":27}},"118":{"start":{"line":195,"column":8},"end":{"line":195,"column":12}},"119":{"start":{"line":197,"column":4},"end":{"line":197,"column":20}},"120":{"start":{"line":201,"column":0},"end":{"line":207,"column":2}},"121":{"start":{"line":202,"column":4},"end":{"line":202,"column":35}},"122":{"start":{"line":203,"column":4},"end":{"line":203,"column":60}},"123":{"start":{"line":204,"column":4},"end":{"line":204,"column":53}},"124":{"start":{"line":205,"column":4},"end":{"line":205,"column":105}},"125":{"start":{"line":206,"column":4},"end":{"line":206,"column":40}},"126":{"start":{"line":209,"column":0},"end":{"line":214,"column":2}},"127":{"start":{"line":210,"column":4},"end":{"line":210,"column":35}},"128":{"start":{"line":211,"column":4},"end":{"line":211,"column":60}},"129":{"start":{"line":212,"column":4},"end":{"line":212,"column":120}},"130":{"start":{"line":213,"column":4},"end":{"line":213,"column":47}},"131":{"start":{"line":216,"column":0},"end":{"line":228,"column":2}},"132":{"start":{"line":217,"column":4},"end":{"line":217,"column":33}},"133":{"start":{"line":218,"column":4},"end":{"line":218,"column":51}},"134":{"start":{"line":219,"column":4},"end":{"line":219,"column":47}},"135":{"start":{"line":220,"column":4},"end":{"line":226,"column":5}},"136":{"start":{"line":221,"column":8},"end":{"line":221,"column":114}},"137":{"start":{"line":223,"column":8},"end":{"line":223,"column":79}},"138":{"start":{"line":224,"column":8},"end":{"line":224,"column":117}},"139":{"start":{"line":225,"column":8},"end":{"line":225,"column":115}},"140":{"start":{"line":227,"column":4},"end":{"line":227,"column":41}},"141":{"start":{"line":230,"column":0},"end":{"line":241,"column":2}},"142":{"start":{"line":231,"column":4},"end":{"line":240,"column":6}},"143":{"start":{"line":243,"column":0},"end":{"line":243,"column":52}},"144":{"start":{"line":244,"column":0},"end":{"line":244,"column":66}},"145":{"start":{"line":245,"column":0},"end":{"line":245,"column":50}},"146":{"start":{"line":246,"column":0},"end":{"line":246,"column":56}},"147":{"start":{"line":247,"column":0},"end":{"line":247,"column":54}},"148":{"start":{"line":248,"column":0},"end":{"line":248,"column":51}},"149":{"start":{"line":250,"column":0},"end":{"line":252,"column":1}},"150":{"start":{"line":251,"column":4},"end":{"line":251,"column":142}},"151":{"start":{"line":254,"column":0},"end":{"line":256,"column":2}},"152":{"start":{"line":255,"column":4},"end":{"line":255,"column":194}},"153":{"start":{"line":258,"column":0},"end":{"line":266,"column":2}},"154":{"start":{"line":259,"column":4},"end":{"line":259,"column":46}},"155":{"start":{"line":260,"column":4},"end":{"line":260,"column":75}},"156":{"start":{"line":260,"column":44},"end":{"line":260,"column":75}},"157":{"start":{"line":261,"column":4},"end":{"line":265,"column":7}}},"branchMap":{"1":{"line":16,"type":"if","locations":[{"start":{"line":16,"column":4},"end":{"line":16,"column":4}},{"start":{"line":16,"column":4},"end":{"line":16,"column":4}}]},"2":{"line":17,"type":"binary-expr","locations":[{"start":{"line":17,"column":23},"end":{"line":17,"column":43}},{"start":{"line":17,"column":47},"end":{"line":17,"column":59}}]},"3":{"line":18,"type":"binary-expr","locations":[{"start":{"line":18,"column":26},"end":{"line":18,"column":44}},{"start":{"line":18,"column":48},"end":{"line":18,"column":63}}]},"4":{"line":19,"type":"binary-expr","locations":[{"start":{"line":19,"column":28},"end":{"line":19,"column":61}},{"start":{"line":19,"column":65},"end":{"line":19,"column":82}}]},"5":{"line":25,"type":"if","locations":[{"start":{"line":25,"column":4},"end":{"line":25,"column":4}},{"start":{"line":25,"column":4},"end":{"line":25,"column":4}}]},"6":{"line":28,"type":"if","locations":[{"start":{"line":28,"column":4},"end":{"line":28,"column":4}},{"start":{"line":28,"column":4},"end":{"line":28,"column":4}}]},"7":{"line":31,"type":"if","locations":[{"start":{"line":31,"column":4},"end":{"line":31,"column":4}},{"start":{"line":31,"column":4},"end":{"line":31,"column":4}}]},"8":{"line":63,"type":"binary-expr","locations":[{"start":{"line":63,"column":43},"end":{"line":63,"column":58}},{"start":{"line":63,"column":62},"end":{"line":63,"column":144}}]},"9":{"line":69,"type":"cond-expr","locations":[{"start":{"line":69,"column":24},"end":{"line":69,"column":36}},{"start":{"line":69,"column":39},"end":{"line":69,"column":89}}]},"10":{"line":73,"type":"binary-expr","locations":[{"start":{"line":73,"column":25},"end":{"line":73,"column":41}},{"start":{"line":73,"column":45},"end":{"line":73,"column":59}}]},"11":{"line":76,"type":"cond-expr","locations":[{"start":{"line":76,"column":45},"end":{"line":76,"column":46}},{"start":{"line":76,"column":50},"end":{"line":76,"column":95}}]},"12":{"line":76,"type":"cond-expr","locations":[{"start":{"line":76,"column":89},"end":{"line":76,"column":90}},{"start":{"line":76,"column":93},"end":{"line":76,"column":95}}]},"13":{"line":81,"type":"binary-expr","locations":[{"start":{"line":81,"column":11},"end":{"line":81,"column":36}},{"start":{"line":81,"column":40},"end":{"line":81,"column":87}}]},"14":{"line":99,"type":"if","locations":[{"start":{"line":99,"column":8},"end":{"line":99,"column":8}},{"start":{"line":99,"column":8},"end":{"line":99,"column":8}}]},"15":{"line":100,"type":"if","locations":[{"start":{"line":100,"column":12},"end":{"line":100,"column":12}},{"start":{"line":100,"column":12},"end":{"line":100,"column":12}}]},"16":{"line":100,"type":"binary-expr","locations":[{"start":{"line":100,"column":17},"end":{"line":100,"column":48}},{"start":{"line":100,"column":53},"end":{"line":100,"column":89}}]},"17":{"line":101,"type":"if","locations":[{"start":{"line":101,"column":16},"end":{"line":101,"column":16}},{"start":{"line":101,"column":16},"end":{"line":101,"column":16}}]},"18":{"line":148,"type":"cond-expr","locations":[{"start":{"line":148,"column":54},"end":{"line":148,"column":72}},{"start":{"line":148,"column":75},"end":{"line":148,"column":112}}]},"19":{"line":182,"type":"cond-expr","locations":[{"start":{"line":182,"column":54},"end":{"line":182,"column":72}},{"start":{"line":182,"column":75},"end":{"line":182,"column":111}}]},"20":{"line":220,"type":"if","locations":[{"start":{"line":220,"column":4},"end":{"line":220,"column":4}},{"start":{"line":220,"column":4},"end":{"line":220,"column":4}}]},"21":{"line":251,"type":"cond-expr","locations":[{"start":{"line":251,"column":68},"end":{"line":251,"column":71}},{"start":{"line":251,"column":74},"end":{"line":251,"column":77}}]},"22":{"line":255,"type":"binary-expr","locations":[{"start":{"line":255,"column":11},"end":{"line":255,"column":42}},{"start":{"line":255,"column":46},"end":{"line":255,"column":193}}]}}}}