TN:
SF:/mnt/c/dev/loan-schedule.js/test.js
FN:5,(anonymous_1)
FN:10,(anonymous_2)
FN:19,(anonymous_3)
FN:28,(anonymous_4)
FN:38,(anonymous_5)
FN:48,(anonymous_6)
FN:61,(anonymous_7)
FN:78,(anonymous_8)
FN:98,(anonymous_9)
FN:119,(anonymous_10)
FN:137,(anonymous_11)
FN:149,(anonymous_12)
FN:164,printSchedule
FNF:13
FNH:0
FNDA:0,(anonymous_1)
FNDA:0,(anonymous_2)
FNDA:0,(anonymous_3)
FNDA:0,(anonymous_4)
FNDA:0,(anonymous_5)
FNDA:0,(anonymous_6)
FNDA:0,(anonymous_7)
FNDA:0,(anonymous_8)
FNDA:0,(anonymous_9)
FNDA:0,(anonymous_10)
FNDA:0,(anonymous_11)
FNDA:0,(anonymous_12)
FNDA:0,printSchedule
DA:2,1
DA:4,1
DA:6,0
DA:7,0
DA:11,0
DA:16,0
DA:20,0
DA:25,0
DA:29,0
DA:35,0
DA:39,0
DA:45,0
DA:49,0
DA:57,0
DA:58,0
DA:62,0
DA:65,0
DA:74,0
DA:75,0
DA:79,0
DA:94,0
DA:95,0
DA:99,0
DA:114,0
DA:115,0
DA:120,0
DA:129,0
DA:130,0
DA:131,0
DA:132,0
DA:133,0
DA:134,0
DA:138,0
DA:146,0
DA:151,0
DA:159,0
DA:164,1
DA:165,0
DA:166,0
DA:167,0
DA:168,0
LF:41
LH:3
BRF:0
BRH:0
end_of_record
TN:
SF:/mnt/c/dev/loan-schedule.js/index.js
FN:10,LoanSchedule
FN:23,(anonymous_2)
FN:57,(anonymous_3)
FN:132,(anonymous_4)
FN:167,(anonymous_5)
FN:201,(anonymous_6)
FN:209,(anonymous_7)
FN:216,(anonymous_8)
FN:230,(anonymous_9)
FN:250,getInterestByPeriod
FN:254,(anonymous_11)
FN:258,(anonymous_12)
FNF:12
FNH:0
FNDA:0,LoanSchedule
FNDA:0,(anonymous_2)
FNDA:0,(anonymous_3)
FNDA:0,(anonymous_4)
FNDA:0,(anonymous_5)
FNDA:0,(anonymous_6)
FNDA:0,(anonymous_7)
FNDA:0,(anonymous_8)
FNDA:0,(anonymous_9)
FNDA:0,getInterestByPeriod
FNDA:0,(anonymous_11)
FNDA:0,(anonymous_12)
DA:2,1
DA:3,1
DA:4,1
DA:6,1
DA:8,1
DA:10,1
DA:11,0
DA:12,0
DA:13,0
DA:14,0
DA:16,0
DA:17,0
DA:18,0
DA:19,0
DA:23,1
DA:24,0
DA:25,0
DA:26,0
DA:28,0
DA:29,0
DA:31,0
DA:32,0
DA:35,0
DA:36,0
DA:37,0
DA:38,0
DA:39,0
DA:41,0
DA:42,0
DA:43,0
DA:45,0
DA:46,0
DA:47,0
DA:48,0
DA:49,0
DA:52,0
DA:53,0
DA:54,0
DA:57,1
DA:58,0
DA:59,0
DA:60,0
DA:61,0
DA:62,0
DA:63,0
DA:65,0
DA:67,0
DA:68,0
DA:74,0
DA:76,0
DA:80,0
DA:81,0
DA:82,0
DA:84,0
DA:85,0
DA:86,0
DA:87,0
DA:88,0
DA:90,0
DA:99,0
DA:100,0
DA:101,0
DA:102,0
DA:103,0
DA:105,0
DA:106,0
DA:108,0
DA:109,0
DA:111,0
DA:112,0
DA:113,0
DA:116,0
DA:117,0
DA:118,0
DA:121,0
DA:123,0
DA:124,0
DA:128,0
DA:132,1
DA:133,0
DA:134,0
DA:135,0
DA:136,0
DA:137,0
DA:139,0
DA:140,0
DA:141,0
DA:142,0
DA:144,0
DA:145,0
DA:146,0
DA:147,0
DA:148,0
DA:149,0
DA:157,0
DA:158,0
DA:160,0
DA:161,0
DA:163,0
DA:167,1
DA:168,0
DA:169,0
DA:170,0
DA:171,0
DA:173,0
DA:174,0
DA:175,0
DA:176,0
DA:178,0
DA:179,0
DA:180,0
DA:181,0
DA:182,0
DA:183,0
DA:191,0
DA:192,0
DA:194,0
DA:195,0
DA:197,0
DA:201,1
DA:202,0
DA:203,0
DA:204,0
DA:205,0
DA:206,0
DA:209,1
DA:210,0
DA:211,0
DA:212,0
DA:213,0
DA:216,1
DA:217,0
DA:218,0
DA:219,0
DA:220,0
DA:221,0
DA:223,0
DA:224,0
DA:225,0
DA:227,0
DA:230,1
DA:231,0
DA:243,1
DA:244,1
DA:245,1
DA:246,1
DA:247,1
DA:248,1
DA:250,1
DA:251,0
DA:254,1
DA:255,0
DA:258,1
DA:259,0
DA:260,0
DA:261,0
LF:156
LH:23
BRDA:16,1,0,0
BRDA:16,1,1,0
BRDA:17,2,0,0
BRDA:17,2,1,0
BRDA:18,3,0,0
BRDA:18,3,1,0
BRDA:19,4,0,0
BRDA:19,4,1,0
BRDA:25,5,0,0
BRDA:25,5,1,0
BRDA:28,6,0,0
BRDA:28,6,1,0
BRDA:31,7,0,0
BRDA:31,7,1,0
BRDA:63,8,0,0
BRDA:63,8,1,0
BRDA:69,9,0,0
BRDA:69,9,1,0
BRDA:73,10,0,0
BRDA:73,10,1,0
BRDA:76,11,0,0
BRDA:76,11,1,0
BRDA:76,12,0,0
BRDA:76,12,1,0
BRDA:81,13,0,0
BRDA:81,13,1,0
BRDA:99,14,0,0
BRDA:99,14,1,0
BRDA:100,15,0,0
BRDA:100,15,1,0
BRDA:100,16,0,0
BRDA:100,16,1,0
BRDA:101,17,0,0
BRDA:101,17,1,0
BRDA:148,18,0,0
BRDA:148,18,1,0
BRDA:182,19,0,0
BRDA:182,19,1,0
BRDA:220,20,0,0
BRDA:220,20,1,0
BRDA:251,21,0,0
BRDA:251,21,1,0
BRDA:255,22,0,0
BRDA:255,22,1,0
BRF:44
BRH:0
end_of_record
